TN:
SF:js/src/alert.js
FN:41,(anonymous_0)
FN:47,(anonymous_1)
FN:53,(anonymous_2)
FN:68,(anonymous_3)
FN:75,(anonymous_4)
FN:90,(anonymous_5)
FN:97,(anonymous_6)
FN:108,(anonymous_7)
FN:112,(anonymous_8)
FN:121,(anonymous_9)
FN:122,(anonymous_10)
FN:137,(anonymous_11)
FN:138,(anonymous_12)
FN:168,(anonymous_13)
FNF:14
FNH:14
FNDA:7,(anonymous_0)
FNDA:1,(anonymous_1)
FNDA:4,(anonymous_2)
FNDA:1,(anonymous_3)
FNDA:3,(anonymous_4)
FNDA:4,(anonymous_5)
FNDA:3,(anonymous_6)
FNDA:1,(anonymous_7)
FNDA:2,(anonymous_8)
FNDA:6,(anonymous_9)
FNDA:6,(anonymous_10)
FNDA:1,(anonymous_11)
FNDA:2,(anonymous_12)
FNDA:8,(anonymous_13)
DA:17,1
DA:18,1
DA:19,1
DA:20,1
DA:21,1
DA:22,1
DA:24,1
DA:26,1
DA:27,1
DA:28,1
DA:30,1
DA:31,1
DA:32,1
DA:42,7
DA:48,1
DA:54,4
DA:55,4
DA:56,3
DA:59,4
DA:61,4
DA:62,1
DA:65,3
DA:69,1
DA:70,1
DA:76,3
DA:77,3
DA:79,3
DA:80,0
DA:83,3
DA:84,3
DA:87,3
DA:91,4
DA:93,4
DA:94,4
DA:98,3
DA:100,3
DA:101,1
DA:102,1
DA:105,2
DA:107,2
DA:108,1
DA:113,2
DA:122,6
DA:123,6
DA:124,6
DA:126,6
DA:127,6
DA:128,6
DA:131,6
DA:132,1
DA:138,1
DA:139,2
DA:140,2
DA:143,2
DA:154,1
DA:166,1
DA:167,1
DA:168,1
DA:169,8
DA:170,8
LF:60
LH:59
BRDA:55,0,0,3
BRDA:55,0,1,1
BRDA:61,1,0,1
BRDA:61,1,1,3
BRDA:79,2,0,0
BRDA:79,2,1,3
BRDA:83,3,0,3
BRDA:83,3,1,0
BRDA:100,4,0,1
BRDA:100,4,1,2
BRDA:126,5,0,6
BRDA:126,5,1,0
BRDA:131,6,0,1
BRDA:131,6,1,5
BRDA:139,7,0,2
BRDA:139,7,1,0
BRF:16
BRH:12
end_of_record
TN:
SF:js/src/button.js
FN:47,(anonymous_0)
FN:54,(anonymous_1)
FN:60,(anonymous_2)
FN:108,(anonymous_3)
FN:115,(anonymous_4)
FN:116,(anonymous_5)
FN:141,(anonymous_6)
FN:164,(anonymous_7)
FN:169,(anonymous_8)
FN:204,(anonymous_9)
FNF:10
FNH:10
FNDA:19,(anonymous_0)
FNDA:1,(anonymous_1)
FNDA:18,(anonymous_2)
FNDA:1,(anonymous_3)
FNDA:20,(anonymous_4)
FNDA:20,(anonymous_5)
FNDA:21,(anonymous_6)
FNDA:22,(anonymous_7)
FNDA:8,(anonymous_8)
FNDA:29,(anonymous_9)
DA:16,1
DA:17,1
DA:18,1
DA:19,1
DA:20,1
DA:21,1
DA:23,1
DA:24,1
DA:25,1
DA:27,1
DA:28,1
DA:29,1
DA:30,1
DA:31,1
DA:32,1
DA:33,1
DA:35,1
DA:36,1
DA:38,1
DA:48,19
DA:49,19
DA:55,1
DA:61,18
DA:62,18
DA:63,18
DA:65,18
DA:66,12
DA:68,12
DA:69,11
DA:70,4
DA:71,1
DA:73,3
DA:75,3
DA:76,3
DA:81,11
DA:83,10
DA:84,9
DA:87,10
DA:88,3
DA:92,11
DA:93,11
DA:97,18
DA:98,16
DA:99,5
DA:102,16
DA:103,15
DA:109,1
DA:110,1
DA:116,20
DA:117,20
DA:118,20
DA:120,20
DA:121,19
DA:122,19
DA:125,20
DA:127,20
DA:128,18
DA:140,1
DA:142,21
DA:143,21
DA:145,21
DA:146,11
DA:149,21
DA:150,2
DA:152,19
DA:154,19
DA:155,1
DA:156,1
DA:159,18
DA:160,11
DA:165,22
DA:166,22
DA:169,1
DA:173,8
DA:174,8
DA:175,2
DA:176,2
DA:177,2
DA:178,1
DA:180,1
DA:185,8
DA:186,8
DA:187,2
DA:188,2
DA:189,1
DA:191,1
DA:202,1
DA:203,1
DA:204,1
DA:205,29
DA:206,29
LF:91
LH:91
BRDA:65,0,0,12
BRDA:65,0,1,6
BRDA:68,1,0,11
BRDA:68,1,1,1
BRDA:69,2,0,4
BRDA:69,2,1,7
BRDA:70,3,0,1
BRDA:70,3,1,3
BRDA:70,4,0,4
BRDA:70,4,1,1
BRDA:75,5,0,3
BRDA:75,5,1,0
BRDA:81,6,0,10
BRDA:81,6,1,1
BRDA:83,7,0,9
BRDA:83,7,1,1
BRDA:83,8,0,10
BRDA:83,8,1,4
BRDA:87,9,0,3
BRDA:87,9,1,7
BRDA:97,10,0,16
BRDA:97,10,1,2
BRDA:97,11,0,18
BRDA:97,11,1,17
BRDA:98,12,0,5
BRDA:98,12,1,11
BRDA:102,13,0,15
BRDA:102,13,1,1
BRDA:120,14,0,19
BRDA:120,14,1,1
BRDA:127,15,0,18
BRDA:127,15,1,2
BRDA:145,16,0,11
BRDA:145,16,1,10
BRDA:149,17,0,2
BRDA:149,17,1,19
BRDA:149,18,0,21
BRDA:149,18,1,20
BRDA:149,18,2,20
BRDA:154,19,0,1
BRDA:154,19,1,18
BRDA:154,20,0,19
BRDA:154,20,1,16
BRDA:154,20,2,15
BRDA:159,21,0,11
BRDA:159,21,1,7
BRDA:159,22,0,18
BRDA:159,22,1,10
BRDA:177,23,0,1
BRDA:177,23,1,1
BRDA:177,24,0,2
BRDA:177,24,1,1
BRDA:188,25,0,1
BRDA:188,25,1,1
BRF:54
BRH:53
end_of_record
TN:
SF:js/src/carousel.js
FN:94,(anonymous_0)
FN:115,(anonymous_1)
FN:119,(anonymous_2)
FN:125,(anonymous_3)
FN:131,(anonymous_4)
FN:141,(anonymous_5)
FN:147,(anonymous_6)
FN:161,(anonymous_7)
FN:179,(anonymous_8)
FN:189,(anonymous_9)
FN:206,(anonymous_10)
FN:222,(anonymous_11)
FN:231,(anonymous_12)
FN:253,(anonymous_13)
FN:255,(anonymous_14)
FN:260,(anonymous_15)
FN:261,(anonymous_16)
FN:269,(anonymous_17)
FN:274,(anonymous_18)
FN:282,(anonymous_19)
FN:291,(anonymous_20)
FN:311,(anonymous_21)
FN:316,(anonymous_22)
FN:319,(anonymous_23)
FN:320,(anonymous_24)
FN:324,(anonymous_25)
FN:325,(anonymous_26)
FN:326,(anonymous_27)
FN:330,(anonymous_28)
FN:348,(anonymous_29)
FN:355,(anonymous_30)
FN:374,(anonymous_31)
FN:389,(anonymous_32)
FN:404,(anonymous_33)
FN:475,(anonymous_34)
FN:484,(anonymous_35)
FN:502,(anonymous_36)
FN:503,(anonymous_37)
FN:539,(anonymous_38)
FN:580,(anonymous_39)
FN:596,(anonymous_40)
FNF:41
FNH:37
FNDA:44,(anonymous_0)
FNDA:1,(anonymous_1)
FNDA:1,(anonymous_2)
FNDA:20,(anonymous_3)
FNDA:4,(anonymous_4)
FNDA:11,(anonymous_5)
FNDA:9,(anonymous_6)
FNDA:8,(anonymous_7)
FNDA:4,(anonymous_8)
FNDA:0,(anonymous_9)
FNDA:2,(anonymous_10)
FNDA:44,(anonymous_11)
FNDA:6,(anonymous_12)
FNDA:42,(anonymous_13)
FNDA:10,(anonymous_14)
FNDA:0,(anonymous_15)
FNDA:0,(anonymous_16)
FNDA:41,(anonymous_17)
FNDA:6,(anonymous_18)
FNDA:92,(anonymous_19)
FNDA:6,(anonymous_20)
FNDA:5,(anonymous_21)
FNDA:0,(anonymous_22)
FNDA:2,(anonymous_23)
FNDA:2,(anonymous_24)
FNDA:4,(anonymous_25)
FNDA:92,(anonymous_26)
FNDA:4,(anonymous_27)
FNDA:10,(anonymous_28)
FNDA:166,(anonymous_29)
FNDA:27,(anonymous_30)
FNDA:31,(anonymous_31)
FNDA:28,(anonymous_32)
FNDA:33,(anonymous_33)
FNDA:14,(anonymous_34)
FNDA:14,(anonymous_35)
FNDA:57,(anonymous_36)
FNDA:57,(anonymous_37)
FNDA:4,(anonymous_38)
FNDA:8,(anonymous_39)
FNDA:40,(anonymous_40)
DA:17,1
DA:18,1
DA:19,1
DA:20,1
DA:21,1
DA:22,1
DA:23,1
DA:24,1
DA:25,1
DA:26,1
DA:28,1
DA:37,1
DA:46,1
DA:47,1
DA:48,1
DA:49,1
DA:51,1
DA:52,1
DA:53,1
DA:54,1
DA:55,1
DA:56,1
DA:57,1
DA:58,1
DA:59,1
DA:60,1
DA:61,1
DA:62,1
DA:63,1
DA:65,1
DA:66,1
DA:67,1
DA:68,1
DA:69,1
DA:70,1
DA:71,1
DA:72,1
DA:74,1
DA:75,1
DA:76,1
DA:77,1
DA:78,1
DA:79,1
DA:80,1
DA:81,1
DA:83,1
DA:95,44
DA:96,44
DA:97,44
DA:98,44
DA:99,44
DA:100,44
DA:101,44
DA:102,44
DA:104,44
DA:105,42
DA:106,42
DA:107,42
DA:108,42
DA:110,42
DA:116,1
DA:120,1
DA:126,20
DA:127,19
DA:132,4
DA:135,4
DA:137,1
DA:142,11
DA:143,10
DA:148,9
DA:149,9
DA:152,9
DA:153,0
DA:154,0
DA:157,9
DA:158,9
DA:162,8
DA:163,8
DA:166,8
DA:167,0
DA:168,0
DA:171,8
DA:172,3
DA:180,4
DA:182,4
DA:184,4
DA:185,0
DA:188,4
DA:189,0
DA:190,0
DA:193,4
DA:194,0
DA:195,0
DA:196,0
DA:199,4
DA:203,4
DA:207,2
DA:208,2
DA:210,2
DA:211,2
DA:212,2
DA:213,2
DA:214,2
DA:215,2
DA:216,2
DA:217,2
DA:223,44
DA:227,44
DA:228,42
DA:232,6
DA:234,6
DA:235,2
DA:238,4
DA:240,4
DA:243,4
DA:244,2
DA:248,4
DA:249,2
DA:254,42
DA:255,41
DA:258,42
DA:259,42
DA:260,0
DA:261,0
DA:264,42
DA:265,41
DA:270,41
DA:271,36
DA:274,5
DA:275,6
DA:276,2
DA:277,4
DA:278,4
DA:282,5
DA:284,92
DA:285,46
DA:287,46
DA:291,5
DA:292,6
DA:293,2
DA:296,6
DA:297,6
DA:306,6
DA:307,6
DA:308,1
DA:311,6
DA:315,5
DA:316,0
DA:318,5
DA:319,2
DA:320,2
DA:322,2
DA:324,4
DA:325,92
DA:326,4
DA:331,10
DA:332,6
DA:335,4
DA:337,1
DA:338,1
DA:339,1
DA:341,1
DA:342,1
DA:343,1
DA:349,166
DA:352,166
DA:356,27
DA:357,27
DA:358,27
DA:359,27
DA:360,27
DA:363,27
DA:364,2
DA:367,25
DA:368,25
DA:370,25
DA:375,31
DA:376,31
DA:377,31
DA:384,31
DA:386,31
DA:390,28
DA:391,7
DA:392,7
DA:394,7
DA:398,7
DA:399,7
DA:405,33
DA:406,33
DA:407,33
DA:409,33
DA:410,33
DA:416,33
DA:417,23
DA:418,23
DA:419,23
DA:421,10
DA:422,10
DA:423,10
DA:426,33
DA:427,2
DA:428,2
DA:431,31
DA:432,31
DA:433,2
DA:436,29
DA:438,1
DA:441,28
DA:443,28
DA:444,0
DA:447,28
DA:449,28
DA:456,28
DA:457,20
DA:459,20
DA:461,20
DA:462,20
DA:464,20
DA:465,20
DA:466,1
DA:467,1
DA:469,19
DA:472,20
DA:474,20
DA:476,14
DA:480,14
DA:482,14
DA:484,14
DA:488,8
DA:489,8
DA:491,8
DA:492,8
DA:495,28
DA:496,0
DA:503,57
DA:504,57
DA:505,57
DA:510,57
DA:511,7
DA:517,57
DA:519,57
DA:520,44
DA:521,42
DA:524,55
DA:525,4
DA:526,51
DA:527,26
DA:528,1
DA:531,25
DA:532,25
DA:533,3
DA:534,3
DA:540,4
DA:542,4
DA:543,0
DA:546,4
DA:548,4
DA:549,0
DA:552,4
DA:556,4
DA:558,4
DA:559,0
DA:562,4
DA:564,4
DA:565,0
DA:568,4
DA:578,1
DA:580,1
DA:581,8
DA:582,8
DA:583,1
DA:584,1
DA:594,1
DA:595,1
DA:596,1
DA:597,40
DA:598,40
LF:277
LH:258
BRDA:107,0,0,42
BRDA:107,0,1,37
BRDA:108,1,0,42
BRDA:108,1,1,3
BRDA:126,2,0,19
BRDA:126,2,1,1
BRDA:135,3,0,1
BRDA:135,3,1,3
BRDA:135,4,0,4
BRDA:135,4,1,4
BRDA:135,4,2,1
BRDA:142,5,0,10
BRDA:142,5,1,1
BRDA:148,6,0,9
BRDA:148,6,1,0
BRDA:152,7,0,0
BRDA:152,7,1,9
BRDA:162,8,0,8
BRDA:162,8,1,0
BRDA:166,9,0,0
BRDA:166,9,1,8
BRDA:171,10,0,3
BRDA:171,10,1,5
BRDA:171,11,0,8
BRDA:171,11,1,3
BRDA:173,12,0,3
BRDA:173,12,1,0
BRDA:184,13,0,0
BRDA:184,13,1,4
BRDA:184,14,0,4
BRDA:184,14,1,4
BRDA:188,15,0,0
BRDA:188,15,1,4
BRDA:193,16,0,0
BRDA:193,16,1,4
BRDA:199,17,0,4
BRDA:199,17,1,0
BRDA:234,18,0,2
BRDA:234,18,1,4
BRDA:243,19,0,2
BRDA:243,19,1,2
BRDA:248,20,0,2
BRDA:248,20,1,2
BRDA:254,21,0,41
BRDA:254,21,1,1
BRDA:258,22,0,42
BRDA:258,22,1,0
BRDA:264,23,0,41
BRDA:264,23,1,1
BRDA:270,24,0,36
BRDA:270,24,1,5
BRDA:275,25,0,2
BRDA:275,25,1,4
BRDA:275,26,0,6
BRDA:275,26,1,2
BRDA:277,27,0,4
BRDA:277,27,1,0
BRDA:284,28,0,46
BRDA:284,28,1,46
BRDA:284,29,0,92
BRDA:284,29,1,92
BRDA:292,30,0,2
BRDA:292,30,1,4
BRDA:292,31,0,6
BRDA:292,31,1,2
BRDA:297,32,0,6
BRDA:297,32,1,0
BRDA:307,33,0,1
BRDA:307,33,1,5
BRDA:318,34,0,2
BRDA:318,34,1,3
BRDA:331,35,0,6
BRDA:331,35,1,4
BRDA:335,36,0,1
BRDA:335,36,1,1
BRDA:335,36,2,2
BRDA:349,37,0,158
BRDA:349,37,1,8
BRDA:349,38,0,166
BRDA:349,38,1,158
BRDA:360,39,0,27
BRDA:360,39,1,10
BRDA:360,39,2,21
BRDA:360,39,3,17
BRDA:363,40,0,2
BRDA:363,40,1,25
BRDA:363,41,0,27
BRDA:363,41,1,8
BRDA:367,42,0,9
BRDA:367,42,1,16
BRDA:370,43,0,5
BRDA:370,43,1,20
BRDA:390,44,0,7
BRDA:390,44,1,21
BRDA:398,45,0,7
BRDA:398,45,1,0
BRDA:407,46,0,33
BRDA:407,46,1,29
BRDA:407,46,2,27
BRDA:416,47,0,23
BRDA:416,47,1,10
BRDA:426,48,0,2
BRDA:426,48,1,31
BRDA:426,49,0,33
BRDA:426,49,1,31
BRDA:432,50,0,2
BRDA:432,50,1,29
BRDA:436,51,0,1
BRDA:436,51,1,28
BRDA:436,52,0,29
BRDA:436,52,1,28
BRDA:443,53,0,0
BRDA:443,53,1,28
BRDA:456,54,0,20
BRDA:456,54,1,8
BRDA:465,55,0,1
BRDA:465,55,1,19
BRDA:466,56,0,1
BRDA:466,56,1,1
BRDA:469,57,0,19
BRDA:469,57,1,19
BRDA:495,58,0,0
BRDA:495,58,1,28
BRDA:510,59,0,7
BRDA:510,59,1,50
BRDA:517,60,0,22
BRDA:517,60,1,35
BRDA:519,61,0,44
BRDA:519,61,1,13
BRDA:524,62,0,4
BRDA:524,62,1,51
BRDA:526,63,0,26
BRDA:526,63,1,25
BRDA:527,64,0,1
BRDA:527,64,1,25
BRDA:532,65,0,3
BRDA:532,65,1,22
BRDA:532,66,0,25
BRDA:532,66,1,12
BRDA:542,67,0,0
BRDA:542,67,1,4
BRDA:548,68,0,0
BRDA:548,68,1,4
BRDA:548,69,0,4
BRDA:548,69,1,4
BRDA:558,70,0,0
BRDA:558,70,1,4
BRDA:564,71,0,0
BRDA:564,71,1,4
BRF:149
BRH:130
end_of_record
TN:
SF:js/src/collapse.js
FN:58,(anonymous_0)
FN:72,(anonymous_1)
FN:93,(anonymous_2)
FN:97,(anonymous_3)
FN:103,(anonymous_4)
FN:111,(anonymous_5)
FN:122,(anonymous_6)
FN:171,(anonymous_7)
FN:194,(anonymous_8)
FN:234,(anonymous_9)
FN:250,(anonymous_10)
FN:254,(anonymous_11)
FN:266,(anonymous_12)
FN:276,(anonymous_13)
FN:281,(anonymous_14)
FN:298,(anonymous_15)
FN:308,(anonymous_16)
FN:320,(anonymous_17)
FN:325,(anonymous_18)
FN:326,(anonymous_19)
FN:361,(anonymous_20)
FN:371,(anonymous_21)
FN:387,(anonymous_22)
FNF:23
FNH:18
FNDA:59,(anonymous_0)
FNDA:110,(anonymous_1)
FNDA:0,(anonymous_2)
FNDA:0,(anonymous_3)
FNDA:41,(anonymous_4)
FNDA:41,(anonymous_5)
FNDA:18,(anonymous_6)
FNDA:36,(anonymous_7)
FNDA:27,(anonymous_8)
FNDA:23,(anonymous_9)
FNDA:120,(anonymous_10)
FNDA:0,(anonymous_11)
FNDA:59,(anonymous_12)
FNDA:61,(anonymous_13)
FNDA:29,(anonymous_14)
FNDA:0,(anonymous_15)
FNDA:30,(anonymous_16)
FNDA:0,(anonymous_17)
FNDA:69,(anonymous_18)
FNDA:71,(anonymous_19)
FNDA:31,(anonymous_20)
FNDA:36,(anonymous_21)
FNDA:39,(anonymous_22)
DA:17,1
DA:18,1
DA:19,1
DA:20,1
DA:21,1
DA:22,1
DA:24,1
DA:29,1
DA:34,1
DA:35,1
DA:36,1
DA:37,1
DA:38,1
DA:40,1
DA:41,1
DA:42,1
DA:43,1
DA:45,1
DA:46,1
DA:48,1
DA:49,1
DA:59,59
DA:60,59
DA:61,59
DA:62,59
DA:67,59
DA:68,59
DA:69,96
DA:70,96
DA:71,96
DA:72,110
DA:74,96
DA:75,51
DA:76,51
DA:80,59
DA:82,59
DA:83,30
DA:86,59
DA:87,36
DA:94,0
DA:98,0
DA:104,41
DA:105,8
DA:107,33
DA:112,41
DA:114,1
DA:120,40
DA:121,19
DA:123,18
DA:124,17
DA:127,1
DA:130,19
DA:131,5
DA:135,40
DA:136,14
DA:137,14
DA:138,1
DA:142,39
DA:143,39
DA:144,39
DA:145,1
DA:148,38
DA:149,13
DA:150,13
DA:151,9
DA:155,38
DA:157,38
DA:161,38
DA:163,38
DA:164,30
DA:169,38
DA:171,38
DA:172,36
DA:176,36
DA:178,36
DA:180,36
DA:183,38
DA:184,38
DA:185,38
DA:187,38
DA:191,38
DA:195,27
DA:197,4
DA:200,23
DA:201,23
DA:202,23
DA:203,0
DA:206,23
DA:208,23
DA:210,23
DA:212,23
DA:216,23
DA:217,23
DA:218,20
DA:219,46
DA:220,46
DA:222,46
DA:223,46
DA:224,46
DA:225,43
DA:232,23
DA:234,23
DA:235,23
DA:236,23
DA:242,23
DA:243,23
DA:245,23
DA:251,120
DA:255,0
DA:257,0
DA:258,0
DA:259,0
DA:260,0
DA:261,0
DA:267,59
DA:271,59
DA:272,59
DA:273,59
DA:277,61
DA:278,61
DA:284,29
DA:285,4
DA:288,4
DA:289,3
DA:292,25
DA:295,29
DA:296,29
DA:298,29
DA:299,0
DA:305,29
DA:309,30
DA:311,30
DA:312,18
DA:321,0
DA:322,0
DA:326,69
DA:327,71
DA:328,71
DA:329,71
DA:335,71
DA:336,21
DA:339,71
DA:340,59
DA:341,59
DA:344,71
DA:345,33
DA:346,1
DA:349,32
DA:361,1
DA:363,31
DA:364,29
DA:367,31
DA:368,31
DA:369,31
DA:371,31
DA:372,36
DA:373,36
DA:374,36
DA:375,36
DA:385,1
DA:386,1
DA:387,1
DA:388,39
DA:389,39
LF:164
LH:152
BRDA:74,0,0,51
BRDA:74,0,1,45
BRDA:74,1,0,96
BRDA:74,1,1,90
BRDA:80,2,0,29
BRDA:80,2,1,30
BRDA:82,3,0,30
BRDA:82,3,1,29
BRDA:86,4,0,36
BRDA:86,4,1,23
BRDA:104,5,0,8
BRDA:104,5,1,33
BRDA:112,6,0,1
BRDA:112,6,1,40
BRDA:112,7,0,41
BRDA:112,7,1,41
BRDA:120,8,0,19
BRDA:120,8,1,21
BRDA:123,9,0,17
BRDA:123,9,1,1
BRDA:130,10,0,5
BRDA:130,10,1,14
BRDA:135,11,0,14
BRDA:135,11,1,26
BRDA:137,12,0,1
BRDA:137,12,1,13
BRDA:137,13,0,14
BRDA:137,13,1,5
BRDA:144,14,0,1
BRDA:144,14,1,38
BRDA:148,15,0,13
BRDA:148,15,1,25
BRDA:150,16,0,9
BRDA:150,16,1,4
BRDA:163,17,0,30
BRDA:163,17,1,8
BRDA:195,18,0,4
BRDA:195,18,1,23
BRDA:195,19,0,27
BRDA:195,19,1,27
BRDA:202,20,0,0
BRDA:202,20,1,23
BRDA:217,21,0,20
BRDA:217,21,1,3
BRDA:222,22,0,46
BRDA:222,22,1,0
BRDA:224,23,0,43
BRDA:224,23,1,3
BRDA:278,24,0,0
BRDA:278,24,1,61
BRDA:284,25,0,4
BRDA:284,25,1,25
BRDA:288,26,0,3
BRDA:288,26,1,1
BRDA:311,27,0,18
BRDA:311,27,1,12
BRDA:322,28,0,0
BRDA:322,28,1,0
BRDA:332,29,0,36
BRDA:332,29,1,35
BRDA:332,30,0,71
BRDA:332,30,1,36
BRDA:335,31,0,21
BRDA:335,31,1,50
BRDA:335,32,0,71
BRDA:335,32,1,59
BRDA:335,32,2,57
BRDA:335,32,3,21
BRDA:339,33,0,59
BRDA:339,33,1,12
BRDA:344,34,0,33
BRDA:344,34,1,38
BRDA:345,35,0,1
BRDA:345,35,1,32
BRDA:363,36,0,29
BRDA:363,36,1,2
BRDA:374,37,0,4
BRDA:374,37,1,32
BRF:78
BRH:73
end_of_record
TN:
SF:js/src/dropdown.js
FN:87,(anonymous_0)
FN:99,(anonymous_1)
FN:103,(anonymous_2)
FN:107,(anonymous_3)
FN:113,(anonymous_4)
FN:129,(anonymous_5)
FN:197,(anonymous_6)
FN:224,(anonymous_7)
FN:235,(anonymous_8)
FN:244,(anonymous_9)
FN:245,(anonymous_10)
FN:252,(anonymous_11)
FN:268,(anonymous_12)
FN:280,(anonymous_13)
FN:300,(anonymous_14)
FN:304,(anonymous_15)
FN:308,(anonymous_16)
FN:323,(anonymous_17)
FN:352,(anonymous_18)
FN:353,(anonymous_19)
FN:372,(anonymous_20)
FN:431,(anonymous_21)
FN:443,(anonymous_22)
FN:482,(anonymous_23)
FN:516,(anonymous_24)
FN:521,(anonymous_25)
FN:533,(anonymous_26)
FNF:27
FNH:24
FNDA:58,(anonymous_0)
FNDA:0,(anonymous_1)
FNDA:58,(anonymous_2)
FNDA:58,(anonymous_3)
FNDA:46,(anonymous_4)
FNDA:44,(anonymous_5)
FNDA:4,(anonymous_6)
FNDA:2,(anonymous_7)
FNDA:2,(anonymous_8)
FNDA:58,(anonymous_9)
FNDA:36,(anonymous_10)
FNDA:58,(anonymous_11)
FNDA:58,(anonymous_12)
FNDA:40,(anonymous_13)
FNDA:60,(anonymous_14)
FNDA:42,(anonymous_15)
FNDA:0,(anonymous_16)
FNDA:40,(anonymous_17)
FNDA:59,(anonymous_18)
FNDA:59,(anonymous_19)
FNDA:167,(anonymous_20)
FNDA:188,(anonymous_21)
FNDA:28,(anonymous_22)
FNDA:24,(anonymous_23)
FNDA:4,(anonymous_24)
FNDA:0,(anonymous_25)
FNDA:54,(anonymous_26)
DA:18,1
DA:19,1
DA:20,1
DA:21,1
DA:22,1
DA:23,1
DA:24,1
DA:25,1
DA:26,1
DA:27,1
DA:28,1
DA:29,1
DA:30,1
DA:32,1
DA:33,1
DA:34,1
DA:35,1
DA:36,1
DA:37,1
DA:38,1
DA:39,1
DA:41,1
DA:42,1
DA:43,1
DA:44,1
DA:45,1
DA:46,1
DA:47,1
DA:49,1
DA:50,1
DA:51,1
DA:52,1
DA:53,1
DA:55,1
DA:56,1
DA:57,1
DA:58,1
DA:59,1
DA:60,1
DA:62,1
DA:71,1
DA:88,58
DA:89,58
DA:90,58
DA:91,58
DA:92,58
DA:94,58
DA:100,0
DA:104,58
DA:108,58
DA:114,46
DA:115,2
DA:118,44
DA:120,44
DA:122,44
DA:123,5
DA:126,39
DA:130,44
DA:131,1
DA:134,43
DA:137,43
DA:138,43
DA:140,43
DA:142,43
DA:143,1
DA:147,42
DA:152,39
DA:153,0
DA:156,39
DA:158,39
DA:159,0
DA:160,39
DA:161,0
DA:164,0
DA:165,0
DA:172,39
DA:173,1
DA:176,39
DA:183,42
DA:185,0
DA:188,42
DA:189,42
DA:191,42
DA:192,42
DA:198,4
DA:199,1
DA:202,3
DA:205,3
DA:206,3
DA:208,3
DA:210,3
DA:211,1
DA:214,2
DA:215,2
DA:218,2
DA:219,2
DA:225,2
DA:226,2
DA:227,2
DA:228,2
DA:229,2
DA:230,1
DA:231,1
DA:236,2
DA:237,2
DA:238,1
DA:245,58
DA:246,36
DA:247,36
DA:248,36
DA:253,58
DA:259,58
DA:265,58
DA:269,58
DA:270,58
DA:272,58
DA:273,56
DA:277,58
DA:281,40
DA:282,40
DA:285,40
DA:286,0
DA:289,40
DA:290,0
DA:291,40
DA:292,0
DA:293,40
DA:294,0
DA:297,40
DA:301,60
DA:305,42
DA:307,42
DA:308,1
DA:309,0
DA:314,0
DA:317,41
DA:320,42
DA:324,40
DA:338,40
DA:339,1
DA:344,40
DA:353,59
DA:354,59
DA:355,59
DA:357,59
DA:358,58
DA:359,58
DA:362,59
DA:363,7
DA:364,1
DA:367,6
DA:373,167
DA:375,1
DA:378,166
DA:380,166
DA:381,67
DA:382,67
DA:383,67
DA:387,67
DA:388,15
DA:391,67
DA:392,3
DA:395,64
DA:396,64
DA:397,43
DA:400,21
DA:403,2
DA:406,19
DA:407,19
DA:408,19
DA:409,0
DA:414,19
DA:415,0
DA:418,19
DA:420,19
DA:421,19
DA:424,19
DA:425,19
DA:433,188
DA:435,188
DA:436,12
DA:439,188
DA:451,28
DA:455,10
DA:458,18
DA:459,1
DA:462,17
DA:463,17
DA:465,17
DA:466,2
DA:469,15
DA:470,15
DA:472,15
DA:473,5
DA:474,5
DA:477,5
DA:478,5
DA:481,10
DA:482,24
DA:484,10
DA:485,0
DA:488,10
DA:490,10
DA:491,1
DA:494,10
DA:495,7
DA:498,10
DA:499,2
DA:502,10
DA:512,1
DA:517,4
DA:518,4
DA:519,4
DA:522,0
DA:531,1
DA:532,1
DA:533,1
DA:534,54
DA:535,54
LF:219
LH:202
BRDA:114,0,0,2
BRDA:114,0,1,44
BRDA:114,1,0,46
BRDA:114,1,1,45
BRDA:122,2,0,5
BRDA:122,2,1,39
BRDA:129,3,0,4
BRDA:130,4,0,1
BRDA:130,4,1,43
BRDA:130,5,0,44
BRDA:130,5,1,44
BRDA:130,5,2,44
BRDA:142,6,0,1
BRDA:142,6,1,42
BRDA:147,7,0,39
BRDA:147,7,1,3
BRDA:147,8,0,42
BRDA:147,8,1,41
BRDA:152,9,0,0
BRDA:152,9,1,39
BRDA:158,10,0,0
BRDA:158,10,1,39
BRDA:160,11,0,0
BRDA:160,11,1,39
BRDA:164,12,0,0
BRDA:164,12,1,0
BRDA:172,13,0,1
BRDA:172,13,1,38
BRDA:183,14,0,0
BRDA:183,14,1,42
BRDA:183,15,0,42
BRDA:183,15,1,0
BRDA:198,16,0,1
BRDA:198,16,1,3
BRDA:198,17,0,4
BRDA:198,17,1,4
BRDA:198,17,2,4
BRDA:210,18,0,1
BRDA:210,18,1,2
BRDA:214,19,0,2
BRDA:214,19,1,0
BRDA:229,20,0,1
BRDA:229,20,1,1
BRDA:237,21,0,1
BRDA:237,21,1,1
BRDA:269,22,0,58
BRDA:269,22,1,0
BRDA:272,23,0,56
BRDA:272,23,1,2
BRDA:285,24,0,0
BRDA:285,24,1,40
BRDA:286,25,0,0
BRDA:286,25,1,0
BRDA:289,26,0,0
BRDA:289,26,1,40
BRDA:291,27,0,0
BRDA:291,27,1,40
BRDA:293,28,0,0
BRDA:293,28,1,40
BRDA:307,29,0,1
BRDA:307,29,1,41
BRDA:311,30,0,0
BRDA:311,30,1,0
BRDA:338,31,0,1
BRDA:338,31,1,39
BRDA:355,32,0,3
BRDA:355,32,1,56
BRDA:357,33,0,58
BRDA:357,33,1,1
BRDA:362,34,0,7
BRDA:362,34,1,52
BRDA:363,35,0,1
BRDA:363,35,1,6
BRDA:373,36,0,1
BRDA:373,36,1,166
BRDA:373,37,0,167
BRDA:373,37,1,123
BRDA:373,37,2,123
BRDA:373,37,3,4
BRDA:387,38,0,15
BRDA:387,38,1,52
BRDA:387,39,0,67
BRDA:387,39,1,20
BRDA:391,40,0,3
BRDA:391,40,1,64
BRDA:396,41,0,43
BRDA:396,41,1,21
BRDA:400,42,0,2
BRDA:400,42,1,19
BRDA:400,43,0,21
BRDA:400,43,1,15
BRDA:400,43,2,12
BRDA:400,43,3,13
BRDA:400,43,4,3
BRDA:400,43,5,5
BRDA:408,44,0,0
BRDA:408,44,1,19
BRDA:414,45,0,0
BRDA:414,45,1,19
BRDA:420,46,0,19
BRDA:420,46,1,0
BRDA:435,47,0,12
BRDA:435,47,1,176
BRDA:439,48,0,188
BRDA:439,48,1,176
BRDA:451,49,0,10
BRDA:451,49,1,18
BRDA:451,50,0,17
BRDA:451,50,1,11
BRDA:452,51,0,17
BRDA:452,51,1,13
BRDA:452,51,2,10
BRDA:452,51,3,6
BRDA:452,51,4,10
BRDA:458,52,0,1
BRDA:458,52,1,17
BRDA:458,53,0,18
BRDA:458,53,1,17
BRDA:465,54,0,2
BRDA:465,54,1,15
BRDA:465,55,0,17
BRDA:465,55,1,2
BRDA:472,56,0,5
BRDA:472,56,1,10
BRDA:472,57,0,15
BRDA:472,57,1,15
BRDA:472,57,2,10
BRDA:473,58,0,5
BRDA:473,58,1,0
BRDA:484,59,0,0
BRDA:484,59,1,10
BRDA:490,60,0,1
BRDA:490,60,1,9
BRDA:490,61,0,10
BRDA:490,61,1,3
BRDA:494,62,0,7
BRDA:494,62,1,3
BRDA:494,63,0,10
BRDA:494,63,1,7
BRDA:498,64,0,2
BRDA:498,64,1,8
BRF:141
BRH:119
end_of_record
TN:
SF:js/src/modal.js
FN:74,(anonymous_0)
FN:88,(anonymous_1)
FN:92,(anonymous_2)
FN:98,(anonymous_3)
FN:102,(anonymous_4)
FN:134,(anonymous_5)
FN:137,(anonymous_6)
FN:138,(anonymous_7)
FN:145,(anonymous_8)
FN:148,(anonymous_9)
FN:186,(anonymous_10)
FN:193,(anonymous_11)
FN:195,(anonymous_12)
FN:217,(anonymous_13)
FN:223,(anonymous_14)
FN:232,(anonymous_15)
FN:252,(anonymous_16)
FN:255,(anonymous_17)
FN:268,(anonymous_18)
FN:303,(anonymous_19)
FN:323,(anonymous_20)
FN:326,(anonymous_21)
FN:335,(anonymous_22)
FN:337,(anonymous_23)
FN:350,(anonymous_24)
FN:352,(anonymous_25)
FN:358,(anonymous_26)
FN:364,(anonymous_27)
FN:372,(anonymous_28)
FN:379,(anonymous_29)
FN:393,(anonymous_30)
FN:429,(anonymous_31)
FN:455,(anonymous_32)
FN:467,(anonymous_33)
FN:472,(anonymous_34)
FN:478,(anonymous_35)
FN:486,(anonymous_36)
FN:495,(anonymous_37)
FN:514,(anonymous_38)
FN:517,(anonymous_39)
FN:525,(anonymous_40)
FN:538,(anonymous_41)
FN:549,(anonymous_42)
FN:550,(anonymous_43)
FN:582,(anonymous_44)
FN:600,(anonymous_45)
FN:606,(anonymous_46)
FN:624,(anonymous_47)
FNF:48
FNH:42
FNDA:48,(anonymous_0)
FNDA:0,(anonymous_1)
FNDA:1,(anonymous_2)
FNDA:3,(anonymous_3)
FNDA:51,(anonymous_4)
FNDA:5,(anonymous_5)
FNDA:0,(anonymous_6)
FNDA:0,(anonymous_7)
FNDA:48,(anonymous_8)
FNDA:29,(anonymous_9)
FNDA:0,(anonymous_10)
FNDA:1,(anonymous_11)
FNDA:3,(anonymous_12)
FNDA:0,(anonymous_13)
FNDA:48,(anonymous_14)
FNDA:7,(anonymous_15)
FNDA:3,(anonymous_16)
FNDA:3,(anonymous_17)
FNDA:48,(anonymous_18)
FNDA:48,(anonymous_19)
FNDA:48,(anonymous_20)
FNDA:2,(anonymous_21)
FNDA:77,(anonymous_22)
FNDA:3,(anonymous_23)
FNDA:77,(anonymous_24)
FNDA:0,(anonymous_25)
FNDA:29,(anonymous_26)
FNDA:29,(anonymous_27)
FNDA:28,(anonymous_28)
FNDA:77,(anonymous_29)
FNDA:12,(anonymous_30)
FNDA:28,(anonymous_31)
FNDA:48,(anonymous_32)
FNDA:29,(anonymous_33)
FNDA:48,(anonymous_34)
FNDA:48,(anonymous_35)
FNDA:4,(anonymous_36)
FNDA:2,(anonymous_37)
FNDA:29,(anonymous_38)
FNDA:4,(anonymous_39)
FNDA:2,(anonymous_40)
FNDA:52,(anonymous_41)
FNDA:76,(anonymous_42)
FNDA:74,(anonymous_43)
FNDA:5,(anonymous_44)
FNDA:3,(anonymous_45)
FNDA:1,(anonymous_46)
FNDA:49,(anonymous_47)
DA:17,1
DA:18,1
DA:19,1
DA:20,1
DA:21,1
DA:22,1
DA:23,1
DA:25,1
DA:32,1
DA:39,1
DA:40,1
DA:41,1
DA:42,1
DA:43,1
DA:44,1
DA:45,1
DA:46,1
DA:47,1
DA:48,1
DA:49,1
DA:50,1
DA:52,1
DA:53,1
DA:54,1
DA:55,1
DA:56,1
DA:57,1
DA:58,1
DA:60,1
DA:61,1
DA:62,1
DA:63,1
DA:64,1
DA:65,1
DA:75,48
DA:76,48
DA:77,48
DA:78,48
DA:79,48
DA:80,48
DA:81,48
DA:82,48
DA:83,48
DA:89,0
DA:93,1
DA:99,3
DA:103,51
DA:104,1
DA:107,50
DA:108,1
DA:111,50
DA:115,50
DA:117,50
DA:118,2
DA:121,48
DA:123,48
DA:124,48
DA:126,48
DA:128,48
DA:129,48
DA:131,48
DA:134,5
DA:137,48
DA:138,0
DA:139,0
DA:140,0
DA:145,48
DA:149,29
DA:150,5
DA:153,29
DA:154,0
DA:157,29
DA:159,29
DA:161,29
DA:162,0
DA:165,29
DA:166,29
DA:168,29
DA:169,0
DA:172,29
DA:173,29
DA:175,29
DA:177,29
DA:179,29
DA:180,29
DA:182,29
DA:183,0
DA:185,0
DA:186,0
DA:189,29
DA:194,1
DA:195,3
DA:202,1
DA:204,1
DA:206,1
DA:207,1
DA:208,1
DA:209,1
DA:210,1
DA:211,1
DA:212,1
DA:213,1
DA:214,1
DA:218,0
DA:224,48
DA:228,48
DA:229,48
DA:233,7
DA:234,5
DA:236,5
DA:237,5
DA:238,1
DA:241,4
DA:243,4
DA:244,4
DA:247,4
DA:249,4
DA:250,4
DA:252,4
DA:253,3
DA:254,3
DA:255,3
DA:256,3
DA:262,4
DA:264,2
DA:269,48
DA:270,48
DA:272,48
DA:275,29
DA:278,48
DA:279,48
DA:280,48
DA:281,48
DA:283,48
DA:284,1
DA:286,47
DA:289,48
DA:290,1
DA:293,48
DA:295,48
DA:296,48
DA:299,48
DA:303,48
DA:304,48
DA:305,48
DA:308,48
DA:309,48
DA:312,48
DA:313,1
DA:315,1
DA:319,47
DA:324,48
DA:327,2
DA:330,1
DA:336,77
DA:337,48
DA:338,3
DA:339,2
DA:340,2
DA:341,1
DA:342,1
DA:345,29
DA:346,29
DA:351,77
DA:352,48
DA:354,29
DA:359,29
DA:360,29
DA:361,29
DA:362,29
DA:363,29
DA:364,29
DA:365,29
DA:366,29
DA:367,29
DA:368,29
DA:373,28
DA:374,28
DA:375,28
DA:380,77
DA:383,77
DA:384,46
DA:385,46
DA:387,46
DA:388,1
DA:391,46
DA:393,46
DA:394,12
DA:395,0
DA:396,0
DA:399,12
DA:400,6
DA:403,6
DA:406,46
DA:407,1
DA:410,46
DA:412,46
DA:413,0
DA:416,46
DA:417,45
DA:418,45
DA:421,1
DA:423,1
DA:426,31
DA:427,28
DA:429,28
DA:430,28
DA:431,28
DA:432,28
DA:436,28
DA:437,0
DA:439,0
DA:443,28
DA:445,3
DA:446,3
DA:456,48
DA:458,48
DA:459,0
DA:462,48
DA:463,46
DA:468,29
DA:469,29
DA:473,48
DA:474,48
DA:475,48
DA:479,48
DA:482,46
DA:483,46
DA:486,46
DA:487,4
DA:488,4
DA:489,4
DA:495,46
DA:496,2
DA:497,2
DA:498,2
DA:504,46
DA:505,46
DA:506,46
DA:511,48
DA:516,29
DA:517,29
DA:518,4
DA:519,4
DA:520,4
DA:524,29
DA:525,29
DA:526,2
DA:527,2
DA:528,2
DA:533,29
DA:534,29
DA:535,29
DA:539,52
DA:540,52
DA:541,52
DA:542,52
DA:543,52
DA:544,52
DA:550,76
DA:551,74
DA:552,74
DA:558,74
DA:559,48
DA:560,48
DA:563,74
DA:564,62
DA:565,1
DA:568,61
DA:569,12
DA:570,11
DA:582,1
DA:584,5
DA:586,5
DA:587,3
DA:590,5
DA:596,5
DA:597,1
DA:600,5
DA:601,3
DA:603,1
DA:606,2
DA:607,1
DA:608,1
DA:613,5
DA:622,1
DA:623,1
DA:624,1
DA:625,49
DA:626,49
LF:290
LH:273
BRDA:99,0,0,1
BRDA:99,0,1,2
BRDA:103,1,0,1
BRDA:103,1,1,50
BRDA:103,2,0,51
BRDA:103,2,1,50
BRDA:107,3,0,1
BRDA:107,3,1,49
BRDA:117,4,0,2
BRDA:117,4,1,48
BRDA:117,5,0,50
BRDA:117,5,1,50
BRDA:139,6,0,0
BRDA:139,6,1,0
BRDA:149,7,0,5
BRDA:149,7,1,24
BRDA:153,8,0,0
BRDA:153,8,1,29
BRDA:153,9,0,29
BRDA:153,9,1,29
BRDA:161,10,0,0
BRDA:161,10,1,29
BRDA:161,11,0,29
BRDA:161,11,1,29
BRDA:168,12,0,0
BRDA:168,12,1,29
BRDA:182,13,0,0
BRDA:182,13,1,29
BRDA:233,14,0,5
BRDA:233,14,1,2
BRDA:237,15,0,1
BRDA:237,15,1,4
BRDA:243,16,0,4
BRDA:243,16,1,0
BRDA:254,17,0,3
BRDA:254,17,1,0
BRDA:270,18,0,15
BRDA:270,18,1,33
BRDA:272,19,0,29
BRDA:272,19,1,19
BRDA:272,20,0,48
BRDA:272,20,1,48
BRDA:283,21,0,1
BRDA:283,21,1,47
BRDA:283,22,0,48
BRDA:283,22,1,2
BRDA:289,23,0,1
BRDA:289,23,1,47
BRDA:295,24,0,48
BRDA:295,24,1,0
BRDA:304,25,0,48
BRDA:304,25,1,0
BRDA:312,26,0,1
BRDA:312,26,1,47
BRDA:327,27,0,1
BRDA:327,27,1,1
BRDA:327,28,0,2
BRDA:327,28,1,2
BRDA:327,28,2,1
BRDA:336,29,0,48
BRDA:336,29,1,29
BRDA:338,30,0,2
BRDA:338,30,1,1
BRDA:338,31,0,3
BRDA:338,31,1,2
BRDA:341,32,0,1
BRDA:341,32,1,0
BRDA:341,33,0,1
BRDA:341,33,1,1
BRDA:345,34,0,29
BRDA:345,34,1,0
BRDA:351,35,0,48
BRDA:351,35,1,29
BRDA:373,36,0,28
BRDA:373,36,1,0
BRDA:380,37,0,1
BRDA:380,37,1,76
BRDA:383,38,0,46
BRDA:383,38,1,31
BRDA:383,39,0,77
BRDA:383,39,1,48
BRDA:387,40,0,1
BRDA:387,40,1,45
BRDA:394,41,0,0
BRDA:394,41,1,12
BRDA:399,42,0,6
BRDA:399,42,1,6
BRDA:406,43,0,1
BRDA:406,43,1,45
BRDA:412,44,0,0
BRDA:412,44,1,46
BRDA:416,45,0,45
BRDA:416,45,1,1
BRDA:426,46,0,28
BRDA:426,46,1,3
BRDA:426,47,0,31
BRDA:426,47,1,29
BRDA:431,48,0,28
BRDA:431,48,1,0
BRDA:436,49,0,0
BRDA:436,49,1,28
BRDA:445,50,0,3
BRDA:445,50,1,0
BRDA:458,51,0,0
BRDA:458,51,1,48
BRDA:458,52,0,48
BRDA:458,52,1,2
BRDA:462,53,0,46
BRDA:462,53,1,2
BRDA:462,54,0,48
BRDA:462,54,1,46
BRDA:479,55,0,46
BRDA:479,55,1,2
BRDA:520,56,0,1
BRDA:520,56,1,3
BRDA:527,57,0,2
BRDA:527,57,1,0
BRDA:535,58,0,22
BRDA:535,58,1,7
BRDA:555,59,0,9
BRDA:555,59,1,65
BRDA:555,60,0,74
BRDA:555,60,1,9
BRDA:558,61,0,48
BRDA:558,61,1,26
BRDA:563,62,0,62
BRDA:563,62,1,12
BRDA:564,63,0,1
BRDA:564,63,1,61
BRDA:569,64,0,11
BRDA:569,64,1,1
BRDA:586,65,0,3
BRDA:586,65,1,2
BRDA:590,66,0,0
BRDA:590,66,1,5
BRDA:596,67,0,1
BRDA:596,67,1,4
BRDA:596,68,0,5
BRDA:596,68,1,5
BRDA:601,69,0,1
BRDA:601,69,1,2
BRDA:607,70,0,1
BRDA:607,70,1,0
BRF:143
BRH:121
end_of_record
TN:
SF:js/src/popover.js
FN:69,(anonymous_0)
FN:73,(anonymous_1)
FN:77,(anonymous_2)
FN:81,(anonymous_3)
FN:85,(anonymous_4)
FN:89,(anonymous_5)
FN:93,(anonymous_6)
FN:99,(anonymous_7)
FN:103,(anonymous_8)
FN:107,(anonymous_9)
FN:112,(anonymous_10)
FN:129,(anonymous_11)
FN:134,(anonymous_12)
FN:144,(anonymous_13)
FN:145,(anonymous_14)
FN:177,(anonymous_15)
FNF:16
FNH:15
FNDA:0,(anonymous_0)
FNDA:39,(anonymous_1)
FNDA:19,(anonymous_2)
FNDA:29,(anonymous_3)
FNDA:96,(anonymous_4)
FNDA:2,(anonymous_5)
FNDA:22,(anonymous_6)
FNDA:20,(anonymous_7)
FNDA:20,(anonymous_8)
FNDA:95,(anonymous_9)
FNDA:19,(anonymous_10)
FNDA:27,(anonymous_11)
FNDA:11,(anonymous_12)
FNDA:49,(anonymous_13)
FNDA:49,(anonymous_14)
FNDA:23,(anonymous_15)
DA:17,1
DA:18,1
DA:19,1
DA:20,1
DA:21,1
DA:22,1
DA:23,1
DA:25,1
DA:36,1
DA:41,1
DA:42,1
DA:44,1
DA:45,1
DA:47,1
DA:70,0
DA:74,39
DA:78,19
DA:82,29
DA:86,96
DA:90,2
DA:94,22
DA:100,20
DA:104,20
DA:108,95
DA:109,95
DA:113,19
DA:116,19
DA:117,19
DA:118,19
DA:119,7
DA:122,19
DA:124,19
DA:130,27
DA:135,11
DA:136,11
DA:137,11
DA:138,11
DA:145,49
DA:146,49
DA:147,49
DA:149,49
DA:150,1
DA:153,48
DA:154,21
DA:155,21
DA:158,48
DA:159,30
DA:160,1
DA:163,29
DA:175,1
DA:176,1
DA:177,1
DA:178,23
DA:179,23
LF:54
LH:53
BRDA:100,0,0,20
BRDA:100,0,1,8
BRDA:108,1,0,95
BRDA:108,1,1,16
BRDA:118,2,0,7
BRDA:118,2,1,12
BRDA:130,3,0,27
BRDA:130,3,1,21
BRDA:137,4,0,11
BRDA:137,4,1,0
BRDA:137,5,0,11
BRDA:137,5,1,11
BRDA:147,6,0,13
BRDA:147,6,1,36
BRDA:149,7,0,1
BRDA:149,7,1,48
BRDA:149,8,0,49
BRDA:149,8,1,22
BRDA:153,9,0,21
BRDA:153,9,1,27
BRDA:158,10,0,30
BRDA:158,10,1,18
BRDA:159,11,0,1
BRDA:159,11,1,29
BRF:24
BRH:23
end_of_record
TN:
SF:js/src/scrollspy.js
FN:62,(anonymous_0)
FN:74,(anonymous_1)
FN:82,(anonymous_2)
FN:86,(anonymous_3)
FN:92,(anonymous_4)
FN:110,(anonymous_5)
FN:131,(anonymous_6)
FN:132,(anonymous_7)
FN:133,(anonymous_8)
FN:139,(anonymous_9)
FN:155,(anonymous_10)
FN:176,(anonymous_11)
FN:181,(anonymous_12)
FN:188,(anonymous_13)
FN:193,(anonymous_14)
FN:230,(anonymous_15)
FN:237,(anonymous_16)
FN:266,(anonymous_17)
FN:268,(anonymous_18)
FN:269,(anonymous_19)
FN:274,(anonymous_20)
FN:275,(anonymous_21)
FN:301,(anonymous_22)
FN:319,(anonymous_23)
FNF:24
FNH:21
FNDA:22,(anonymous_0)
FNDA:32,(anonymous_1)
FNDA:0,(anonymous_2)
FNDA:0,(anonymous_3)
FNDA:22,(anonymous_4)
FNDA:40,(anonymous_5)
FNDA:40,(anonymous_6)
FNDA:25,(anonymous_7)
FNDA:40,(anonymous_8)
FNDA:0,(anonymous_9)
FNDA:22,(anonymous_10)
FNDA:73,(anonymous_11)
FNDA:75,(anonymous_12)
FNDA:53,(anonymous_13)
FNDA:53,(anonymous_14)
FNDA:26,(anonymous_15)
FNDA:78,(anonymous_16)
FNDA:27,(anonymous_17)
FNDA:83,(anonymous_18)
FNDA:14,(anonymous_19)
FNDA:23,(anonymous_20)
FNDA:23,(anonymous_21)
FNDA:8,(anonymous_22)
FNDA:21,(anonymous_23)
DA:17,1
DA:18,1
DA:19,1
DA:20,1
DA:21,1
DA:22,1
DA:24,1
DA:30,1
DA:36,1
DA:37,1
DA:38,1
DA:40,1
DA:41,1
DA:43,1
DA:44,1
DA:45,1
DA:46,1
DA:47,1
DA:48,1
DA:49,1
DA:50,1
DA:52,1
DA:53,1
DA:63,22
DA:64,22
DA:65,22
DA:66,22
DA:69,22
DA:70,22
DA:71,22
DA:72,22
DA:74,32
DA:76,22
DA:77,21
DA:83,0
DA:87,0
DA:93,22
DA:96,22
DA:99,22
DA:102,22
DA:103,22
DA:105,22
DA:107,22
DA:109,21
DA:112,40
DA:114,40
DA:115,40
DA:118,40
DA:119,40
DA:120,40
DA:122,40
DA:129,0
DA:131,40
DA:132,25
DA:134,40
DA:135,40
DA:140,0
DA:141,0
DA:143,0
DA:144,0
DA:145,0
DA:146,0
DA:147,0
DA:148,0
DA:149,0
DA:150,0
DA:156,22
DA:161,22
DA:162,3
DA:163,3
DA:164,1
DA:165,1
DA:168,3
DA:171,22
DA:173,22
DA:177,73
DA:182,75
DA:189,53
DA:194,53
DA:195,53
DA:196,53
DA:198,53
DA:199,0
DA:202,53
DA:203,1
DA:205,1
DA:206,1
DA:209,1
DA:212,52
DA:213,1
DA:214,1
DA:215,1
DA:218,51
DA:219,108
DA:224,108
DA:225,25
DA:231,26
DA:233,26
DA:235,26
DA:237,78
DA:239,26
DA:241,26
DA:242,0
DA:245,0
DA:248,26
DA:251,26
DA:255,26
DA:261,26
DA:267,27
DA:268,83
DA:269,14
DA:275,23
DA:276,23
DA:277,23
DA:279,23
DA:280,22
DA:281,21
DA:284,22
DA:285,1
DA:286,1
DA:289,0
DA:301,1
DA:302,8
DA:303,8
DA:305,8
DA:306,2
DA:307,2
DA:317,1
DA:318,1
DA:319,1
DA:320,21
DA:321,21
LF:132
LH:115
BRDA:64,0,0,0
BRDA:64,0,1,22
BRDA:93,1,0,0
BRDA:93,1,1,22
BRDA:96,2,0,18
BRDA:96,2,1,4
BRDA:99,3,0,20
BRDA:99,3,1,2
BRDA:114,4,0,40
BRDA:114,4,1,0
BRDA:118,5,0,40
BRDA:118,5,1,0
BRDA:120,6,0,40
BRDA:120,6,1,0
BRDA:120,7,0,40
BRDA:120,7,1,0
BRDA:158,8,0,20
BRDA:158,8,1,2
BRDA:158,9,0,22
BRDA:158,9,1,20
BRDA:161,10,0,3
BRDA:161,10,1,19
BRDA:161,11,0,22
BRDA:161,11,1,3
BRDA:163,12,0,1
BRDA:163,12,1,2
BRDA:177,13,0,0
BRDA:177,13,1,73
BRDA:182,14,0,75
BRDA:182,14,1,4
BRDA:189,15,0,0
BRDA:189,15,1,53
BRDA:198,16,0,0
BRDA:198,16,1,53
BRDA:202,17,0,1
BRDA:202,17,1,52
BRDA:205,18,0,1
BRDA:205,18,1,0
BRDA:212,19,0,1
BRDA:212,19,1,51
BRDA:212,20,0,52
BRDA:212,20,1,23
BRDA:212,20,2,1
BRDA:219,21,0,108
BRDA:219,21,1,91
BRDA:219,21,2,57
BRDA:219,21,3,48
BRDA:224,22,0,25
BRDA:224,22,1,83
BRDA:241,23,0,0
BRDA:241,23,1,26
BRDA:277,24,0,23
BRDA:277,24,1,20
BRDA:279,25,0,22
BRDA:279,25,1,1
BRDA:284,26,0,1
BRDA:284,26,1,21
BRDA:285,27,0,1
BRDA:285,27,1,0
BRF:59
BRH:47
end_of_record
TN:
SF:js/src/tab.js
FN:51,(anonymous_0)
FN:57,(anonymous_1)
FN:63,(anonymous_2)
FN:110,(anonymous_3)
FN:130,(anonymous_4)
FN:137,(anonymous_5)
FN:144,(anonymous_6)
FN:162,(anonymous_7)
FN:209,(anonymous_8)
FN:210,(anonymous_9)
FN:237,(anonymous_10)
FN:250,(anonymous_11)
FNF:12
FNH:10
FNDA:36,(anonymous_0)
FNDA:0,(anonymous_1)
FNDA:35,(anonymous_2)
FNDA:29,(anonymous_3)
FNDA:0,(anonymous_4)
FNDA:46,(anonymous_5)
FNDA:46,(anonymous_6)
FNDA:46,(anonymous_7)
FNDA:38,(anonymous_8)
FNDA:38,(anonymous_9)
FNDA:9,(anonymous_10)
FNDA:23,(anonymous_11)
DA:17,1
DA:18,1
DA:19,1
DA:20,1
DA:21,1
DA:22,1
DA:24,1
DA:25,1
DA:26,1
DA:27,1
DA:28,1
DA:30,1
DA:31,1
DA:32,1
DA:33,1
DA:34,1
DA:36,1
DA:37,1
DA:38,1
DA:39,1
DA:40,1
DA:41,1
DA:42,1
DA:52,36
DA:58,0
DA:64,35
DA:68,4
DA:73,31
DA:74,31
DA:76,31
DA:77,30
DA:78,30
DA:79,30
DA:82,31
DA:86,31
DA:90,31
DA:91,10
DA:94,31
DA:96,31
DA:98,2
DA:101,29
DA:102,17
DA:105,29
DA:110,29
DA:111,29
DA:115,29
DA:119,29
DA:120,29
DA:123,29
DA:124,17
DA:126,12
DA:131,0
DA:132,0
DA:138,46
DA:142,46
DA:143,46
DA:144,46
DA:150,46
DA:151,2
DA:153,2
DA:158,44
DA:163,46
DA:164,15
DA:166,15
DA:170,15
DA:171,1
DA:174,15
DA:175,3
DA:179,46
DA:180,46
DA:181,8
DA:184,46
DA:186,46
DA:187,4
DA:190,46
DA:191,0
DA:193,0
DA:194,0
DA:196,0
DA:199,0
DA:202,46
DA:203,17
DA:210,38
DA:211,38
DA:212,38
DA:214,38
DA:215,36
DA:216,36
DA:219,38
DA:220,36
DA:221,1
DA:224,35
DA:236,1
DA:238,9
DA:239,9
DA:248,1
DA:249,1
DA:250,1
DA:251,23
DA:252,23
LF:100
LH:92
BRDA:64,0,0,4
BRDA:64,0,1,31
BRDA:64,1,0,35
BRDA:64,1,1,35
BRDA:64,1,2,34
BRDA:64,1,3,32
BRDA:76,2,0,30
BRDA:76,2,1,1
BRDA:77,3,0,23
BRDA:77,3,1,7
BRDA:77,4,0,30
BRDA:77,4,1,9
BRDA:90,5,0,10
BRDA:90,5,1,21
BRDA:96,6,0,2
BRDA:96,6,1,29
BRDA:96,7,0,31
BRDA:96,7,1,30
BRDA:101,8,0,17
BRDA:101,8,1,12
BRDA:123,9,0,17
BRDA:123,9,1,12
BRDA:138,10,0,28
BRDA:138,10,1,18
BRDA:138,11,0,46
BRDA:138,11,1,45
BRDA:138,11,2,21
BRDA:143,12,0,46
BRDA:143,12,1,17
BRDA:143,12,2,6
BRDA:150,13,0,2
BRDA:150,13,1,44
BRDA:150,14,0,46
BRDA:150,14,1,15
BRDA:163,15,0,15
BRDA:163,15,1,31
BRDA:170,16,0,1
BRDA:170,16,1,14
BRDA:174,17,0,3
BRDA:174,17,1,12
BRDA:180,18,0,8
BRDA:180,18,1,38
BRDA:186,19,0,4
BRDA:186,19,1,42
BRDA:190,20,0,0
BRDA:190,20,1,46
BRDA:190,21,0,46
BRDA:190,21,1,46
BRDA:193,22,0,0
BRDA:193,22,1,0
BRDA:202,23,0,17
BRDA:202,23,1,29
BRDA:214,24,0,36
BRDA:214,24,1,2
BRDA:219,25,0,36
BRDA:219,25,1,2
BRDA:220,26,0,1
BRDA:220,26,1,35
BRF:58
BRH:55
end_of_record
TN:
SF:js/src/toast.js
FN:55,(anonymous_0)
FN:64,(anonymous_1)
FN:68,(anonymous_2)
FN:72,(anonymous_3)
FN:78,(anonymous_4)
FN:92,(anonymous_5)
FN:99,(anonymous_6)
FN:119,(anonymous_7)
FN:134,(anonymous_8)
FN:150,(anonymous_9)
FN:166,(anonymous_10)
FN:167,(anonymous_11)
FN:170,(anonymous_12)
FN:171,(anonymous_13)
FN:188,(anonymous_14)
FN:195,(anonymous_15)
FN:196,(anonymous_16)
FN:225,(anonymous_17)
FNF:18
FNH:18
FNDA:14,(anonymous_0)
FNDA:1,(anonymous_1)
FNDA:14,(anonymous_2)
FNDA:1,(anonymous_3)
FNDA:10,(anonymous_4)
FNDA:9,(anonymous_5)
FNDA:3,(anonymous_6)
FNDA:7,(anonymous_7)
FNDA:2,(anonymous_8)
FNDA:14,(anonymous_9)
FNDA:14,(anonymous_10)
FNDA:1,(anonymous_11)
FNDA:5,(anonymous_12)
FNDA:5,(anonymous_13)
FNDA:11,(anonymous_14)
FNDA:30,(anonymous_15)
FNDA:30,(anonymous_16)
FNDA:16,(anonymous_17)
DA:17,1
DA:18,1
DA:19,1
DA:20,1
DA:21,1
DA:23,1
DA:24,1
DA:25,1
DA:26,1
DA:27,1
DA:29,1
DA:30,1
DA:31,1
DA:32,1
DA:34,1
DA:40,1
DA:46,1
DA:56,14
DA:57,14
DA:58,14
DA:59,14
DA:65,1
DA:69,14
DA:73,1
DA:79,10
DA:81,10
DA:82,10
DA:83,1
DA:86,9
DA:88,9
DA:89,7
DA:92,9
DA:93,9
DA:94,9
DA:96,9
DA:98,9
DA:99,4
DA:100,3
DA:105,9
DA:106,9
DA:107,9
DA:108,9
DA:109,7
DA:111,7
DA:115,2
DA:120,7
DA:121,1
DA:124,6
DA:126,6
DA:127,6
DA:128,1
DA:131,5
DA:135,2
DA:137,2
DA:138,1
DA:141,2
DA:143,2
DA:144,2
DA:145,2
DA:151,14
DA:157,14
DA:163,14
DA:167,14
DA:171,5
DA:172,5
DA:173,5
DA:176,5
DA:177,5
DA:178,3
DA:180,3
DA:184,2
DA:189,11
DA:190,11
DA:196,30
DA:197,30
DA:198,30
DA:199,30
DA:201,30
DA:202,14
DA:203,14
DA:206,30
DA:207,16
DA:208,1
DA:211,15
DA:223,1
DA:224,1
DA:225,1
DA:226,16
DA:227,16
LF:89
LH:89
BRDA:82,0,0,1
BRDA:82,0,1,9
BRDA:88,1,0,7
BRDA:88,1,1,2
BRDA:98,2,0,4
BRDA:98,2,1,5
BRDA:108,3,0,7
BRDA:108,3,1,2
BRDA:120,4,0,1
BRDA:120,4,1,6
BRDA:127,5,0,1
BRDA:127,5,1,5
BRDA:137,6,0,1
BRDA:137,6,1,1
BRDA:154,7,0,1
BRDA:154,7,1,13
BRDA:154,8,0,14
BRDA:154,8,1,1
BRDA:177,9,0,3
BRDA:177,9,1,2
BRDA:199,10,0,30
BRDA:199,10,1,1
BRDA:201,11,0,14
BRDA:201,11,1,16
BRDA:206,12,0,16
BRDA:206,12,1,14
BRDA:207,13,0,1
BRDA:207,13,1,15
BRF:28
BRH:28
end_of_record
TN:
SF:js/src/tooltip.js
FN:113,(anonymous_0)
FN:135,(anonymous_1)
FN:139,(anonymous_2)
FN:143,(anonymous_3)
FN:147,(anonymous_4)
FN:151,(anonymous_5)
FN:155,(anonymous_6)
FN:159,(anonymous_7)
FN:165,(anonymous_8)
FN:169,(anonymous_9)
FN:173,(anonymous_10)
FN:177,(anonymous_11)
FN:211,(anonymous_12)
FN:237,(anonymous_13)
FN:296,(anonymous_14)
FN:323,(anonymous_15)
FN:326,(anonymous_16)
FN:374,(anonymous_17)
FN:382,(anonymous_18)
FN:386,(anonymous_19)
FN:390,(anonymous_20)
FN:395,(anonymous_21)
FN:401,(anonymous_22)
FN:426,(anonymous_23)
FN:440,(anonymous_24)
FN:455,(anonymous_25)
FN:460,(anonymous_26)
FN:469,(anonymous_27)
FN:473,(anonymous_28)
FN:488,(anonymous_29)
FN:500,(anonymous_30)
FN:504,(anonymous_31)
FN:507,(anonymous_32)
FN:512,(anonymous_33)
FN:523,(anonymous_34)
FN:524,(anonymous_35)
FN:528,(anonymous_36)
FN:547,(anonymous_37)
FN:560,(anonymous_38)
FN:592,(anonymous_39)
FN:599,(anonymous_40)
FN:630,(anonymous_41)
FN:637,(anonymous_42)
FN:647,(anonymous_43)
FN:651,(anonymous_44)
FN:691,(anonymous_45)
FN:705,(anonymous_46)
FN:713,(anonymous_47)
FN:719,(anonymous_48)
FN:736,(anonymous_49)
FN:737,(anonymous_50)
FN:770,(anonymous_51)
FNF:52
FNH:49
FNDA:84,(anonymous_0)
FNDA:0,(anonymous_1)
FNDA:64,(anonymous_2)
FNDA:35,(anonymous_3)
FNDA:112,(anonymous_4)
FNDA:349,(anonymous_5)
FNDA:2,(anonymous_6)
FNDA:63,(anonymous_7)
FNDA:2,(anonymous_8)
FNDA:2,(anonymous_9)
FNDA:2,(anonymous_10)
FNDA:19,(anonymous_11)
FNDA:4,(anonymous_12)
FNDA:71,(anonymous_13)
FNDA:43,(anonymous_14)
FNDA:42,(anonymous_15)
FNDA:37,(anonymous_16)
FNDA:2,(anonymous_17)
FNDA:49,(anonymous_18)
FNDA:68,(anonymous_19)
FNDA:295,(anonymous_20)
FNDA:35,(anonymous_21)
FNDA:74,(anonymous_22)
FNDA:123,(anonymous_23)
FNDA:55,(anonymous_24)
FNDA:50,(anonymous_25)
FNDA:0,(anonymous_26)
FNDA:57,(anonymous_27)
FNDA:0,(anonymous_28)
FNDA:54,(anonymous_29)
FNDA:88,(anonymous_30)
FNDA:84,(anonymous_31)
FNDA:124,(anonymous_32)
FNDA:17,(anonymous_33)
FNDA:27,(anonymous_34)
FNDA:22,(anonymous_35)
FNDA:3,(anonymous_36)
FNDA:83,(anonymous_37)
FNDA:39,(anonymous_38)
FNDA:1,(anonymous_39)
FNDA:29,(anonymous_40)
FNDA:4,(anonymous_41)
FNDA:44,(anonymous_42)
FNDA:84,(anonymous_43)
FNDA:35,(anonymous_44)
FNDA:1,(anonymous_45)
FNDA:60,(anonymous_46)
FNDA:34,(anonymous_47)
FNDA:36,(anonymous_48)
FNDA:104,(anonymous_49)
FNDA:104,(anonymous_50)
FNDA:65,(anonymous_51)
DA:22,1
DA:23,1
DA:24,1
DA:25,1
DA:26,1
DA:27,1
DA:28,1
DA:29,1
DA:31,1
DA:50,1
DA:58,1
DA:79,1
DA:80,1
DA:82,1
DA:95,1
DA:96,1
DA:98,1
DA:99,1
DA:101,1
DA:102,1
DA:103,1
DA:104,1
DA:114,84
DA:115,0
DA:119,84
DA:120,84
DA:121,84
DA:122,84
DA:123,84
DA:126,84
DA:127,84
DA:128,84
DA:130,84
DA:136,0
DA:140,64
DA:144,35
DA:148,112
DA:152,349
DA:156,2
DA:160,63
DA:166,2
DA:170,2
DA:174,2
DA:178,19
DA:179,2
DA:182,17
DA:183,15
DA:184,15
DA:186,15
DA:187,1
DA:191,1
DA:194,15
DA:196,15
DA:197,11
DA:199,4
DA:202,2
DA:203,1
DA:204,1
DA:207,1
DA:212,4
DA:214,4
DA:216,4
DA:217,4
DA:219,4
DA:220,2
DA:223,4
DA:224,4
DA:225,4
DA:226,4
DA:227,4
DA:228,2
DA:231,4
DA:232,4
DA:233,4
DA:234,4
DA:238,71
DA:239,2
DA:242,69
DA:243,69
DA:244,57
DA:246,57
DA:247,57
DA:252,57
DA:253,3
DA:256,54
DA:257,54
DA:259,54
DA:260,54
DA:262,54
DA:264,54
DA:265,47
DA:268,54
DA:272,54
DA:273,54
DA:275,54
DA:276,54
DA:278,54
DA:279,54
DA:282,54
DA:284,54
DA:286,54
DA:292,54
DA:293,0
DA:296,54
DA:297,43
DA:298,36
DA:301,43
DA:302,43
DA:304,43
DA:306,43
DA:307,2
DA:311,54
DA:312,47
DA:314,47
DA:318,7
DA:324,42
DA:325,42
DA:326,42
DA:327,37
DA:328,28
DA:331,37
DA:332,37
DA:333,37
DA:334,37
DA:335,23
DA:338,37
DA:339,0
DA:343,42
DA:345,42
DA:346,1
DA:349,41
DA:353,41
DA:354,0
DA:357,41
DA:358,41
DA:359,41
DA:361,41
DA:362,24
DA:364,24
DA:368,17
DA:371,41
DA:375,2
DA:376,1
DA:383,49
DA:387,68
DA:391,295
DA:392,295
DA:396,35
DA:397,35
DA:398,35
DA:402,74
DA:404,12
DA:405,8
DA:406,5
DA:409,4
DA:412,12
DA:415,62
DA:416,9
DA:417,8
DA:420,9
DA:422,53
DA:427,123
DA:429,123
DA:430,50
DA:435,123
DA:441,55
DA:456,50
DA:457,33
DA:460,0
DA:463,55
DA:470,57
DA:472,57
DA:473,1
DA:474,0
DA:479,0
DA:482,56
DA:485,57
DA:489,54
DA:490,48
DA:493,6
DA:494,2
DA:497,4
DA:501,88
DA:505,84
DA:507,84
DA:508,124
DA:509,38
DA:512,17
DA:514,86
DA:515,81
DA:518,81
DA:522,81
DA:523,27
DA:524,22
DA:528,84
DA:529,3
DA:530,2
DA:534,84
DA:536,84
DA:537,1
DA:543,83
DA:548,83
DA:550,83
DA:551,83
DA:556,83
DA:561,39
DA:562,39
DA:564,39
DA:565,0
DA:569,0
DA:572,39
DA:573,27
DA:578,39
DA:579,14
DA:580,14
DA:583,25
DA:585,25
DA:587,25
DA:588,21
DA:589,21
DA:592,4
DA:593,1
DA:594,1
DA:600,29
DA:601,29
DA:603,29
DA:604,0
DA:608,0
DA:611,29
DA:612,22
DA:617,29
DA:618,9
DA:621,20
DA:623,20
DA:625,20
DA:626,13
DA:627,13
DA:630,7
DA:631,4
DA:632,3
DA:638,44
DA:639,77
DA:640,20
DA:644,24
DA:648,84
DA:650,84
DA:652,35
DA:653,1
DA:657,84
DA:663,84
DA:664,78
DA:670,84
DA:671,1
DA:674,84
DA:675,1
DA:678,84
DA:684,84
DA:685,82
DA:688,84
DA:692,1
DA:694,1
DA:695,1
DA:696,17
DA:697,3
DA:702,1
DA:706,60
DA:707,60
DA:708,60
DA:709,46
DA:714,34
DA:715,34
DA:716,34
DA:720,36
DA:721,36
DA:723,36
DA:724,35
DA:727,1
DA:728,1
DA:729,1
DA:730,1
DA:731,1
DA:737,104
DA:738,104
DA:739,104
DA:740,104
DA:742,104
DA:743,1
DA:746,103
DA:747,62
DA:748,62
DA:751,103
DA:752,52
DA:753,1
DA:756,51
DA:768,1
DA:769,1
DA:770,1
DA:771,65
DA:772,65
LF:299
LH:287
BRDA:114,0,0,0
BRDA:114,0,1,84
BRDA:178,1,0,2
BRDA:178,1,1,17
BRDA:182,2,0,15
BRDA:182,2,1,2
BRDA:186,3,0,1
BRDA:186,3,1,14
BRDA:196,4,0,11
BRDA:196,4,1,4
BRDA:202,5,0,1
BRDA:202,5,1,1
BRDA:219,6,0,2
BRDA:219,6,1,2
BRDA:227,7,0,2
BRDA:227,7,1,2
BRDA:238,8,0,2
BRDA:238,8,1,69
BRDA:243,9,0,57
BRDA:243,9,1,12
BRDA:243,10,0,69
BRDA:243,10,1,57
BRDA:248,11,0,0
BRDA:248,11,1,57
BRDA:252,12,0,3
BRDA:252,12,1,54
BRDA:252,13,0,57
BRDA:252,13,1,56
BRDA:264,14,0,47
BRDA:264,14,1,7
BRDA:268,15,0,0
BRDA:268,15,1,54
BRDA:278,16,0,54
BRDA:278,16,1,0
BRDA:292,17,0,0
BRDA:292,17,1,54
BRDA:297,18,0,36
BRDA:297,18,1,7
BRDA:306,19,0,2
BRDA:306,19,1,41
BRDA:311,20,0,47
BRDA:311,20,1,7
BRDA:327,21,0,28
BRDA:327,21,1,9
BRDA:327,22,0,37
BRDA:327,22,1,37
BRDA:334,23,0,23
BRDA:334,23,1,14
BRDA:338,24,0,0
BRDA:338,24,1,37
BRDA:345,25,0,1
BRDA:345,25,1,41
BRDA:353,26,0,0
BRDA:353,26,1,41
BRDA:361,27,0,24
BRDA:361,27,1,17
BRDA:375,28,0,1
BRDA:375,28,1,1
BRDA:391,29,0,295
BRDA:391,29,1,38
BRDA:402,30,0,12
BRDA:402,30,1,62
BRDA:402,31,0,74
BRDA:402,31,1,12
BRDA:402,31,2,5
BRDA:404,32,0,8
BRDA:404,32,1,4
BRDA:405,33,0,5
BRDA:405,33,1,3
BRDA:415,34,0,9
BRDA:415,34,1,53
BRDA:416,35,0,8
BRDA:416,35,1,1
BRDA:429,36,0,50
BRDA:429,36,1,73
BRDA:430,37,0,6
BRDA:430,37,1,44
BRDA:456,38,0,33
BRDA:456,38,1,17
BRDA:472,39,0,1
BRDA:472,39,1,56
BRDA:476,40,0,0
BRDA:476,40,1,0
BRDA:489,41,0,48
BRDA:489,41,1,6
BRDA:493,42,0,2
BRDA:493,42,1,4
BRDA:508,43,0,38
BRDA:508,43,1,86
BRDA:514,44,0,81
BRDA:514,44,1,5
BRDA:515,45,0,41
BRDA:515,45,1,40
BRDA:518,46,0,41
BRDA:518,46,1,40
BRDA:529,47,0,2
BRDA:529,47,1,1
BRDA:536,48,0,1
BRDA:536,48,1,83
BRDA:550,49,0,83
BRDA:550,49,1,0
BRDA:550,50,0,83
BRDA:550,50,1,24
BRDA:553,51,0,83
BRDA:553,51,1,24
BRDA:562,52,0,39
BRDA:562,52,1,27
BRDA:564,53,0,0
BRDA:564,53,1,39
BRDA:572,54,0,27
BRDA:572,54,1,12
BRDA:574,55,0,8
BRDA:574,55,1,19
BRDA:578,56,0,14
BRDA:578,56,1,25
BRDA:578,57,0,39
BRDA:578,57,1,36
BRDA:587,58,0,21
BRDA:587,58,1,4
BRDA:587,59,0,25
BRDA:587,59,1,25
BRDA:593,60,0,1
BRDA:593,60,1,0
BRDA:601,61,0,29
BRDA:601,61,1,22
BRDA:603,62,0,0
BRDA:603,62,1,29
BRDA:611,63,0,22
BRDA:611,63,1,7
BRDA:613,64,0,8
BRDA:613,64,1,14
BRDA:617,65,0,9
BRDA:617,65,1,20
BRDA:625,66,0,13
BRDA:625,66,1,7
BRDA:625,67,0,20
BRDA:625,67,1,20
BRDA:631,68,0,3
BRDA:631,68,1,1
BRDA:639,69,0,20
BRDA:639,69,1,57
BRDA:652,70,0,1
BRDA:652,70,1,34
BRDA:660,71,0,52
BRDA:660,71,1,32
BRDA:660,72,0,84
BRDA:660,72,1,60
BRDA:663,73,0,78
BRDA:663,73,1,6
BRDA:670,74,0,1
BRDA:670,74,1,83
BRDA:674,75,0,1
BRDA:674,75,1,83
BRDA:684,76,0,82
BRDA:684,76,1,2
BRDA:694,77,0,1
BRDA:694,77,1,0
BRDA:696,78,0,3
BRDA:696,78,1,14
BRDA:708,79,0,46
BRDA:708,79,1,14
BRDA:708,80,0,60
BRDA:708,80,1,46
BRDA:723,81,0,35
BRDA:723,81,1,1
BRDA:740,82,0,104
BRDA:740,82,1,38
BRDA:742,83,0,1
BRDA:742,83,1,103
BRDA:742,84,0,104
BRDA:742,84,1,63
BRDA:746,85,0,62
BRDA:746,85,1,41
BRDA:751,86,0,52
BRDA:751,86,1,51
BRDA:752,87,0,1
BRDA:752,87,1,51
BRF:177
BRH:163
end_of_record
TN:
SF:js/src/util.js
FN:21,toType
FN:29,getSpecialTransitionEndEvent
FN:33,(anonymous_2)
FN:43,transitionEndEmulator
FN:46,(anonymous_4)
FN:50,(anonymous_5)
FN:59,setTransitionEndSupport
FN:73,(anonymous_7)
FN:81,(anonymous_8)
FN:96,(anonymous_9)
FN:120,(anonymous_10)
FN:124,(anonymous_11)
FN:128,(anonymous_12)
FN:132,(anonymous_13)
FN:136,(anonymous_14)
FN:154,(anonymous_15)
FN:177,(anonymous_16)
FNF:17
FNH:17
FNDA:2378,toType
FNDA:1,getSpecialTransitionEndEvent
FNDA:302,(anonymous_2)
FNDA:175,transitionEndEmulator
FNDA:150,(anonymous_4)
FNDA:174,(anonymous_5)
FNDA:1,setTransitionEndSupport
FNDA:63,(anonymous_7)
FNDA:448,(anonymous_8)
FNDA:179,(anonymous_9)
FNDA:100,(anonymous_10)
FNDA:172,(anonymous_11)
FNDA:1,(anonymous_12)
FNDA:1651,(anonymous_13)
FNDA:332,(anonymous_14)
FNDA:60,(anonymous_15)
FNDA:2,(anonymous_16)
DA:16,1
DA:17,1
DA:18,1
DA:22,2378
DA:23,225
DA:26,2153
DA:30,1
DA:34,302
DA:35,300
DA:38,2
DA:44,175
DA:46,175
DA:47,150
DA:50,175
DA:51,174
DA:52,172
DA:56,175
DA:60,1
DA:61,1
DA:70,1
DA:74,63
DA:75,63
DA:78,63
DA:82,448
DA:84,448
DA:85,418
DA:86,418
DA:89,448
DA:90,448
DA:92,190
DA:97,179
DA:98,1
DA:102,178
DA:103,178
DA:105,178
DA:106,178
DA:109,178
DA:110,170
DA:114,8
DA:115,8
DA:117,8
DA:121,100
DA:125,172
DA:129,1
DA:133,1651
DA:137,332
DA:138,2391
DA:139,2391
DA:140,2391
DA:141,2391
DA:144,2391
DA:145,3
DA:155,60
DA:156,0
DA:160,60
DA:161,60
DA:162,60
DA:165,0
DA:166,0
DA:170,0
DA:171,0
DA:174,0
DA:178,2
DA:179,0
DA:182,2
DA:183,2
DA:184,2
DA:185,2
DA:186,2
DA:187,2
DA:189,2
DA:190,0
DA:195,1
DA:196,1
LF:74
LH:66
BRDA:22,0,0,225
BRDA:22,0,1,2153
BRDA:22,1,0,2378
BRDA:22,1,1,2154
BRDA:34,2,0,300
BRDA:34,2,1,2
BRDA:51,3,0,172
BRDA:51,3,1,2
BRDA:84,4,0,418
BRDA:84,4,1,30
BRDA:84,5,0,448
BRDA:84,5,1,30
BRDA:86,6,0,232
BRDA:86,6,1,186
BRDA:86,7,0,418
BRDA:86,7,1,364
BRDA:90,8,0,244
BRDA:90,8,1,14
BRDA:97,9,0,1
BRDA:97,9,1,178
BRDA:109,10,0,170
BRDA:109,10,1,8
BRDA:109,11,0,178
BRDA:109,11,1,171
BRDA:133,12,0,1651
BRDA:133,12,1,836
BRDA:138,13,0,2391
BRDA:138,13,1,0
BRDA:141,14,0,13
BRDA:141,14,1,2378
BRDA:141,15,0,2391
BRDA:141,15,1,1571
BRDA:144,16,0,3
BRDA:144,16,1,2388
BRDA:155,17,0,0
BRDA:155,17,1,60
BRDA:160,18,0,60
BRDA:160,18,1,0
BRDA:162,19,0,2
BRDA:162,19,1,58
BRDA:165,20,0,0
BRDA:165,20,1,0
BRDA:170,21,0,0
BRDA:170,21,1,0
BRDA:178,22,0,0
BRDA:178,22,1,2
BRDA:189,23,0,0
BRDA:189,23,1,2
BRDA:189,24,0,2
BRDA:189,24,1,2
BRDA:189,24,2,2
BRDA:189,24,3,0
BRDA:189,24,4,0
BRDA:189,24,5,2
BRF:54
BRH:43
end_of_record
TN:
SF:js/src/tools/sanitizer.js
FN:69,allowedAttribute
FN:80,(anonymous_1)
FN:92,sanitizeHtml
FN:119,(anonymous_3)
FNF:4
FNH:4
FNDA:328,allowedAttribute
FNDA:24,(anonymous_1)
FNDA:90,sanitizeHtml
FNDA:328,(anonymous_3)
DA:8,1
DA:19,1
DA:21,1
DA:60,1
DA:67,1
DA:70,328
DA:72,328
DA:73,325
DA:74,2
DA:77,323
DA:80,24
DA:83,3
DA:84,3
DA:85,2
DA:89,1
DA:93,90
DA:94,5
DA:97,85
DA:98,1
DA:101,84
DA:102,84
DA:103,84
DA:104,84
DA:106,84
DA:107,268
DA:108,268
DA:110,268
DA:111,2
DA:113,2
DA:116,266
DA:117,266
DA:119,266
DA:120,328
DA:121,2
DA:126,84
LF:35
LH:35
BRDA:72,0,0,325
BRDA:72,0,1,3
BRDA:73,1,0,2
BRDA:73,1,1,323
BRDA:74,2,0,2
BRDA:74,2,1,1
BRDA:84,3,0,2
BRDA:84,3,1,1
BRDA:93,4,0,5
BRDA:93,4,1,85
BRDA:97,5,0,1
BRDA:97,5,1,84
BRDA:97,6,0,85
BRDA:97,6,1,1
BRDA:110,7,0,2
BRDA:110,7,1,266
BRDA:117,8,0,266
BRDA:117,8,1,1
BRDA:117,9,0,266
BRDA:117,9,1,1
BRDA:120,10,0,2
BRDA:120,10,1,326
BRF:22
BRH:22
end_of_record
